1 1 is thinking
1 1 has taken a fork
1 1 has taken a fork
1 1 is eating
1 3 is thinking
1 3 has taken a fork
1 3 has taken a fork
1 3 is eating
1 7 is thinking
1 7 has taken a fork
1 7 has taken a fork
1 7 is eating
1 9 is thinking
1 9 has taken a fork
1 9 has taken a fork
1 9 is eating
1 5 is thinking
1 5 has taken a fork
1 5 has taken a fork
1 5 is eating
1 11 is thinking
1 11 has taken a fork
1 11 has taken a fork
1 11 is eating
1 13 is thinking
1 13 has taken a fork
1 13 has taken a fork
1 13 is eating
1 15 is thinking
1 15 has taken a fork
1 15 has taken a fork
1 15 is eating
2 17 is thinking
2 17 has taken a fork
2 17 has taken a fork
2 17 is eating
2 21 is thinking
2 21 has taken a fork
2 21 has taken a fork
2 21 is eating
2 19 is thinking
2 19 has taken a fork
2 19 has taken a fork
2 19 is eating
2 23 is thinking
2 23 has taken a fork
2 23 has taken a fork
2 23 is eating
2 25 is thinking
2 25 has taken a fork
2 25 has taken a fork
2 25 is eating
2 2 is thinking
2 27 is thinking
2 27 has taken a fork
2 27 has taken a fork
2 27 is eating
2 4 is thinking
2 29 is thinking
2 29 has taken a fork
2 29 has taken a fork
2 29 is eating
2 6 is thinking
2 31 is thinking
2 31 has taken a fork
2 31 has taken a fork
2 31 is eating
2 33 is thinking
2 33 has taken a fork
2 33 has taken a fork
2 33 is eating
2 8 is thinking
2 35 is thinking
2 35 has taken a fork
2 35 has taken a fork
2 35 is eating
2 10 is thinking
2 12 is thinking
2 37 is thinking
2 37 has taken a fork
2 37 has taken a fork
2 37 is eating
2 14 is thinking
2 39 is thinking
2 39 has taken a fork
2 39 has taken a fork
2 39 is eating
3 16 is thinking
3 41 is thinking
3 41 has taken a fork
3 41 has taken a fork
3 41 is eating
3 18 is thinking
3 43 is thinking
3 43 has taken a fork
3 43 has taken a fork
3 43 is eating
3 20 is thinking
3 22 is thinking
3 45 is thinking
3 45 has taken a fork
3 47 is thinking
3 47 has taken a fork
3 47 has taken a fork
3 47 is eating
3 45 has taken a fork
3 45 is eating
3 24 is thinking
3 49 is thinking
3 49 has taken a fork
3 49 has taken a fork
3 49 is eating
3 26 is thinking
3 51 is thinking
3 51 has taken a fork
3 51 has taken a fork
3 51 is eating
3 28 is thinking
3 53 is thinking
3 53 has taken a fork
3 53 has taken a fork
3 53 is eating
3 30 is thinking
3 55 is thinking
3 55 has taken a fork
3 55 has taken a fork
3 55 is eating
3 32 is thinking
3 57 is thinking
3 57 has taken a fork
3 57 has taken a fork
3 57 is eating
3 34 is thinking
3 59 is thinking
3 59 has taken a fork
3 59 has taken a fork
3 59 is eating
3 36 is thinking
3 38 is thinking
4 61 is thinking
4 61 has taken a fork
4 61 has taken a fork
4 61 is eating
4 40 is thinking
4 63 is thinking
4 63 has taken a fork
4 63 has taken a fork
4 63 is eating
4 42 is thinking
4 65 is thinking
4 65 has taken a fork
4 65 has taken a fork
4 65 is eating
4 44 is thinking
4 67 is thinking
4 67 has taken a fork
4 67 has taken a fork
4 67 is eating
4 46 is thinking
4 69 is thinking
4 69 has taken a fork
4 69 has taken a fork
4 69 is eating
4 48 is thinking
4 71 is thinking
4 71 has taken a fork
4 71 has taken a fork
4 71 is eating
4 50 is thinking
4 73 is thinking
4 73 has taken a fork
4 73 has taken a fork
4 73 is eating
4 75 is thinking
4 75 has taken a fork
4 75 has taken a fork
4 75 is eating
4 54 is thinking
4 77 is thinking
4 77 has taken a fork
4 77 has taken a fork
4 77 is eating
4 52 is thinking
4 56 is thinking
4 79 is thinking
4 79 has taken a fork
4 79 has taken a fork
4 79 is eating
4 58 is thinking
4 81 is thinking
4 81 has taken a fork
4 81 has taken a fork
4 81 is eating
5 60 is thinking
5 83 is thinking
5 83 has taken a fork
5 83 has taken a fork
5 83 is eating
5 62 is thinking
5 64 is thinking
5 85 is thinking
5 85 has taken a fork
5 85 has taken a fork
5 85 is eating
5 87 is thinking
5 87 has taken a fork
5 87 has taken a fork
5 87 is eating
5 66 is thinking
5 89 is thinking
5 89 has taken a fork
5 89 has taken a fork
5 89 is eating
5 68 is thinking
5 70 is thinking
5 72 is thinking
5 91 is thinking
5 91 has taken a fork
5 91 has taken a fork
5 91 is eating
5 74 is thinking
5 93 is thinking
5 93 has taken a fork
5 93 has taken a fork
5 93 is eating
5 76 is thinking
5 78 is thinking
6 80 is thinking
6 95 is thinking
6 95 has taken a fork
6 95 has taken a fork
6 95 is eating
6 82 is thinking
6 86 is thinking
6 97 is thinking
6 97 has taken a fork
6 97 has taken a fork
6 97 is eating
6 84 is thinking
6 88 is thinking
6 99 is thinking
6 99 has taken a fork
6 99 has taken a fork
6 99 is eating
6 101 is thinking
6 101 has taken a fork
6 101 has taken a fork
6 101 is eating
6 90 is thinking
6 103 is thinking
6 103 has taken a fork
6 103 has taken a fork
6 103 is eating
6 92 is thinking
7 105 is thinking
7 105 has taken a fork
7 105 has taken a fork
7 105 is eating
7 94 is thinking
7 107 is thinking
7 107 has taken a fork
7 107 has taken a fork
7 107 is eating
7 96 is thinking
7 109 is thinking
7 109 has taken a fork
7 109 has taken a fork
7 109 is eating
7 98 is thinking
7 111 is thinking
7 111 has taken a fork
7 111 has taken a fork
7 111 is eating
7 113 is thinking
7 113 has taken a fork
7 113 has taken a fork
7 113 is eating
7 115 is thinking
7 115 has taken a fork
7 115 has taken a fork
7 115 is eating
7 100 is thinking
7 117 is thinking
7 102 is thinking
7 117 has taken a fork
7 117 has taken a fork
7 117 is eating
7 119 is thinking
7 119 has taken a fork
7 119 has taken a fork
7 119 is eating
7 104 is thinking
7 121 is thinking
7 121 has taken a fork
7 121 has taken a fork
7 121 is eating
8 123 is thinking
8 123 has taken a fork
8 123 has taken a fork
8 106 is thinking
8 123 is eating
8 108 is thinking
8 125 is thinking
8 125 has taken a fork
8 125 has taken a fork
8 125 is eating
8 110 is thinking
8 127 is thinking
8 127 has taken a fork
8 127 has taken a fork
8 127 is eating
8 112 is thinking
8 129 is thinking
8 129 has taken a fork
8 129 has taken a fork
8 129 is eating
8 114 is thinking
8 131 is thinking
8 131 has taken a fork
8 131 has taken a fork
8 131 is eating
8 116 is thinking
8 133 is thinking
8 133 has taken a fork
8 133 has taken a fork
8 133 is eating
8 118 is thinking
9 120 is thinking
9 135 is thinking
9 135 has taken a fork
9 135 has taken a fork
9 135 is eating
9 137 is thinking
9 137 has taken a fork
9 137 has taken a fork
9 137 is eating
9 122 is thinking
9 139 is thinking
9 139 has taken a fork
9 139 has taken a fork
9 139 is eating
9 141 is thinking
9 124 is thinking
9 141 has taken a fork
9 141 has taken a fork
9 141 is eating
9 143 is thinking
9 143 has taken a fork
9 143 has taken a fork
9 143 is eating
9 126 is thinking
9 145 is thinking
9 145 has taken a fork
9 145 has taken a fork
9 145 is eating
9 128 is thinking
9 147 is thinking
9 147 has taken a fork
9 147 has taken a fork
9 147 is eating
9 130 is thinking
9 149 is thinking
9 149 has taken a fork
9 149 has taken a fork
9 149 is eating
9 132 is thinking
9 151 is thinking
9 134 is thinking
9 151 has taken a fork
9 151 has taken a fork
10 151 is eating
10 153 is thinking
10 153 has taken a fork
10 153 has taken a fork
10 153 is eating
10 136 is thinking
10 155 is thinking
10 155 has taken a fork
10 155 has taken a fork
10 138 is thinking
10 155 is eating
10 140 is thinking
10 157 is thinking
10 157 has taken a fork
10 157 has taken a fork
10 157 is eating
10 159 is thinking
10 159 has taken a fork
10 159 has taken a fork
10 159 is eating
10 142 is thinking
10 144 is thinking
10 161 is thinking
10 161 has taken a fork
10 161 has taken a fork
10 161 is eating
10 163 is thinking
10 163 has taken a fork
10 163 has taken a fork
10 163 is eating
10 146 is thinking
10 165 is thinking
10 165 has taken a fork
10 165 has taken a fork
10 148 is thinking
10 165 is eating
10 167 is thinking
10 167 has taken a fork
10 167 has taken a fork
10 150 is thinking
10 167 is eating
10 169 is thinking
10 169 has taken a fork
10 169 has taken a fork
11 169 is eating
11 171 is thinking
11 171 has taken a fork
11 152 is thinking
11 171 has taken a fork
11 154 is thinking
11 171 is eating
11 173 is thinking
11 173 has taken a fork
11 173 has taken a fork
11 173 is eating
11 156 is thinking
11 175 is thinking
11 175 has taken a fork
11 175 has taken a fork
11 175 is eating
11 160 is thinking
11 177 is thinking
11 177 has taken a fork
11 177 has taken a fork
11 177 is eating
11 158 is thinking
11 179 is thinking
11 162 is thinking
11 179 has taken a fork
11 179 has taken a fork
11 181 is thinking
11 181 has taken a fork
11 179 is eating
11 164 is thinking
11 181 has taken a fork
11 181 is eating
11 166 is thinking
11 185 is thinking
11 185 has taken a fork
12 168 is thinking
12 170 is thinking
12 187 is thinking
12 187 has taken a fork
12 187 has taken a fork
12 187 is eating
12 185 has taken a fork
12 185 is eating
12 172 is thinking
12 189 is thinking
12 189 has taken a fork
12 189 has taken a fork
12 189 is eating
12 174 is thinking
12 191 is thinking
12 191 has taken a fork
12 191 has taken a fork
12 191 is eating
12 176 is thinking
12 193 is thinking
12 193 has taken a fork
12 193 has taken a fork
12 178 is thinking
12 195 is thinking
12 195 has taken a fork
12 195 has taken a fork
12 193 is eating
12 195 is eating
12 197 is thinking
12 197 has taken a fork
12 197 has taken a fork
12 197 is eating
12 180 is thinking
12 199 is thinking
12 199 has taken a fork
12 199 has taken a fork
12 184 is thinking
13 182 is thinking
13 199 is eating
13 184 has taken a fork
13 186 is thinking
13 188 is thinking
13 190 is thinking
13 192 is thinking
13 194 is thinking
13 196 is thinking
13 198 is thinking
13 200 is thinking
14 183 is thinking
14 183 has taken a fork
201 5 is sleeping
201 7 is sleeping
201 6 has taken a fork
201 6 has taken a fork
201 6 is eating
201 8 has taken a fork
201 1 is sleeping
201 200 has taken a fork
201 11 is sleeping
201 2 has taken a fork
201 3 is sleeping
201 14 has taken a fork
201 9 is sleeping
201 2 has taken a fork
201 10 has taken a fork
201 10 has taken a fork
201 10 is eating
201 12 has taken a fork
201 16 has taken a fork
201 12 has taken a fork
201 12 is eating
201 13 is sleeping
201 4 has taken a fork
201 2 is eating
201 4 has taken a fork
201 14 has taken a fork
201 4 is eating
201 14 is eating
201 15 is sleeping
201 8 has taken a fork
201 8 is eating
202 33 is sleeping
202 17 is sleeping
202 16 has taken a fork
202 26 has taken a fork
202 16 is eating
202 34 has taken a fork
202 18 has taken a fork
202 34 has taken a fork
202 35 is sleeping
202 29 is sleeping
202 36 has taken a fork
202 34 is eating
202 30 has taken a fork
202 27 is sleeping
202 24 has taken a fork
202 18 has taken a fork
202 38 has taken a fork
202 19 is sleeping
202 37 is sleeping
202 36 has taken a fork
202 23 is sleeping
202 18 is eating
202 20 has taken a fork
202 36 is eating
202 25 is sleeping
202 26 has taken a fork
202 24 has taken a fork
202 20 has taken a fork
202 20 is eating
202 21 is sleeping
202 26 is eating
202 22 has taken a fork
202 28 has taken a fork
202 28 has taken a fork
202 24 is eating
202 38 has taken a fork
202 39 is sleeping
202 22 has taken a fork
202 40 has taken a fork
202 28 is eating
202 38 is eating
202 22 is eating
202 30 has taken a fork
202 30 is eating
202 31 is sleeping
202 32 has taken a fork
202 32 has taken a fork
202 32 is eating
203 45 is sleeping
203 46 has taken a fork
203 57 is sleeping
203 58 has taken a fork
203 55 is sleeping
203 52 has taken a fork
203 53 is sleeping
203 52 has taken a fork
203 43 is sleeping
203 58 has taken a fork
203 58 is eating
203 48 has taken a fork
203 46 has taken a fork
203 52 is eating
203 56 has taken a fork
203 41 is sleeping
203 46 is eating
203 48 has taken a fork
203 49 is sleeping
203 47 is sleeping
203 56 has taken a fork
203 48 is eating
203 60 has taken a fork
203 42 has taken a fork
203 44 has taken a fork
203 44 has taken a fork
203 44 is eating
203 54 has taken a fork
203 50 has taken a fork
203 59 is sleeping
203 42 has taken a fork
203 50 has taken a fork
203 54 has taken a fork
203 42 is eating
203 51 is sleeping
203 50 is eating
203 54 is eating
203 40 has taken a fork
203 40 is eating
203 56 is eating
204 77 is sleeping
204 78 has taken a fork
204 61 is sleeping
204 75 is sleeping
204 63 is sleeping
204 64 has taken a fork
204 71 is sleeping
204 62 has taken a fork
204 69 is sleeping
204 60 has taken a fork
204 67 is sleeping
204 65 is sleeping
204 62 has taken a fork
204 68 has taken a fork
204 76 has taken a fork
204 62 is eating
204 66 has taken a fork
204 76 has taken a fork
204 68 has taken a fork
204 78 has taken a fork
204 81 is sleeping
204 74 has taken a fork
204 64 has taken a fork
204 73 is sleeping
204 70 has taken a fork
204 66 has taken a fork
204 70 has taken a fork
204 70 is eating
204 74 has taken a fork
204 72 has taken a fork
204 76 is eating
204 72 has taken a fork
204 74 is eating
204 60 is eating
204 79 is sleeping
204 72 is eating
204 68 is eating
204 64 is eating
204 80 has taken a fork
204 82 has taken a fork
204 66 is eating
204 80 has taken a fork
204 80 is eating
204 78 is eating
205 82 has taken a fork
205 84 has taken a fork
205 83 is sleeping
205 90 has taken a fork
205 89 is sleeping
205 87 is sleeping
205 86 has taken a fork
205 85 is sleeping
205 88 has taken a fork
205 91 is sleeping
205 82 is eating
205 86 has taken a fork
205 88 has taken a fork
205 92 has taken a fork
205 86 is eating
205 88 is eating
205 84 has taken a fork
205 93 is sleeping
205 90 has taken a fork
205 94 has taken a fork
205 90 is eating
205 84 is eating
205 92 has taken a fork
205 92 is eating
206 97 is sleeping
206 98 has taken a fork
206 94 has taken a fork
206 103 is sleeping
206 96 has taken a fork
206 95 is sleeping
206 104 has taken a fork
206 96 has taken a fork
206 96 is eating
206 94 is eating
206 101 is sleeping
206 102 has taken a fork
206 99 is sleeping
206 98 has taken a fork
206 102 has taken a fork
206 98 is eating
206 102 is eating
206 100 has taken a fork
206 100 has taken a fork
206 100 is eating
207 111 is sleeping
207 113 is sleeping
207 115 is sleeping
207 112 has taken a fork
207 112 has taken a fork
207 119 is sleeping
207 112 is eating
207 117 is sleeping
207 107 is sleeping
207 120 has taken a fork
207 114 has taken a fork
207 108 has taken a fork
207 114 has taken a fork
207 114 is eating
207 105 is sleeping
207 121 is sleeping
207 118 has taken a fork
207 120 has taken a fork
207 122 has taken a fork
207 104 has taken a fork
207 106 has taken a fork
207 118 has taken a fork
207 109 is sleeping
207 108 has taken a fork
207 108 is eating
207 120 is eating
207 106 has taken a fork
207 106 is eating
207 118 is eating
207 116 has taken a fork
207 116 has taken a fork
207 116 is eating
207 110 has taken a fork
207 110 has taken a fork
207 110 is eating
207 104 is eating
208 131 is sleeping
208 129 is sleeping
208 130 has taken a fork
208 130 has taken a fork
208 132 has taken a fork
208 125 is sleeping
208 123 is sleeping
208 124 has taken a fork
208 124 has taken a fork
208 124 is eating
208 126 has taken a fork
208 130 is eating
208 122 has taken a fork
208 127 is sleeping
208 128 has taken a fork
208 128 has taken a fork
208 128 is eating
208 126 has taken a fork
208 122 is eating
208 133 is sleeping
208 126 is eating
208 132 has taken a fork
208 134 has taken a fork
208 132 is eating
209 139 is sleeping
209 143 is sleeping
209 144 has taken a fork
209 134 has taken a fork
209 135 is sleeping
209 149 is sleeping
209 150 has taken a fork
209 134 is eating
209 140 has taken a fork
209 136 has taken a fork
209 141 is sleeping
209 147 is sleeping
209 136 has taken a fork
209 137 is sleeping
209 136 is eating
209 148 has taken a fork
209 142 has taken a fork
209 138 has taken a fork
209 148 has taken a fork
209 138 has taken a fork
209 148 is eating
209 142 has taken a fork
209 140 has taken a fork
209 138 is eating
209 140 is eating
209 145 is sleeping
209 142 is eating
209 144 has taken a fork
209 146 has taken a fork
209 146 has taken a fork
209 146 is eating
209 144 is eating
210 161 is sleeping
210 165 is sleeping
210 162 has taken a fork
210 166 has taken a fork
210 157 is sleeping
210 159 is sleeping
210 158 has taken a fork
210 151 is sleeping
210 160 has taken a fork
210 163 is sleeping
210 162 has taken a fork
210 162 is eating
210 150 has taken a fork
210 166 has taken a fork
210 152 has taken a fork
210 167 is sleeping
210 158 has taken a fork
210 152 has taken a fork
210 154 has taken a fork
210 158 is eating
210 160 has taken a fork
210 152 is eating
210 160 is eating
210 164 has taken a fork
210 155 is sleeping
210 164 has taken a fork
210 164 is eating
210 166 is eating
210 168 has taken a fork
210 156 has taken a fork
210 154 has taken a fork
210 156 has taken a fork
210 150 is eating
210 154 is eating
210 156 is eating
210 153 is sleeping
211 177 is sleeping
211 182 has taken a fork
211 181 is sleeping
211 173 is sleeping
211 169 is sleeping
211 174 has taken a fork
211 168 has taken a fork
211 178 has taken a fork
211 168 is eating
211 178 has taken a fork
211 171 is sleeping
211 178 is eating
211 172 has taken a fork
211 170 has taken a fork
211 172 has taken a fork
211 172 is eating
211 170 has taken a fork
211 170 is eating
211 179 is sleeping
211 175 is sleeping
211 174 has taken a fork
211 180 has taken a fork
211 174 is eating
211 176 has taken a fork
211 176 has taken a fork
211 176 is eating
211 180 has taken a fork
211 180 is eating
212 195 is sleeping
212 193 is sleeping
212 196 has taken a fork
212 197 is sleeping
212 187 is sleeping
212 188 has taken a fork
212 194 has taken a fork
212 185 is sleeping
212 189 is sleeping
212 196 has taken a fork
212 194 has taken a fork
212 191 is sleeping
212 190 has taken a fork
212 190 has taken a fork
212 190 is eating
212 196 is eating
212 192 has taken a fork
212 188 has taken a fork
212 194 is eating
212 188 is eating
212 192 has taken a fork
212 184 has taken a fork
212 192 is eating
212 184 is eating
212 186 has taken a fork
212 186 has taken a fork
212 186 is eating
212 198 has taken a fork
213 199 is sleeping
213 198 has taken a fork
213 198 is eating
213 200 has taken a fork
213 200 is eating
401 12 is sleeping
401 9 is thinking
401 6 is sleeping
401 8 is sleeping
401 10 is sleeping
401 5 is thinking
401 3 is thinking
401 15 is thinking
401 11 is thinking
401 11 has taken a fork
401 11 has taken a fork
401 11 is eating
401 9 has taken a fork
401 9 has taken a fork
401 9 is eating
401 2 is sleeping
401 14 is sleeping
401 3 has taken a fork
401 15 has taken a fork
401 13 is thinking
401 13 has taken a fork
401 4 is sleeping
401 13 has taken a fork
401 7 is thinking
401 3 has taken a fork
401 5 has taken a fork
401 7 has taken a fork
401 7 has taken a fork
401 3 is eating
401 5 has taken a fork
401 13 is eating
401 5 is eating
401 1 is thinking
401 7 is eating
402 30 is sleeping
402 23 is thinking
402 26 is sleeping
402 33 is thinking
402 38 is sleeping
402 18 is sleeping
402 19 is thinking
402 25 is thinking
402 34 is sleeping
402 28 is sleeping
402 24 is sleeping
402 21 is thinking
402 25 has taken a fork
402 35 is thinking
402 32 is sleeping
402 25 has taken a fork
402 37 is thinking
402 19 has taken a fork
402 25 is eating
402 16 is sleeping
402 15 has taken a fork
402 36 is sleeping
402 37 has taken a fork
402 29 is thinking
402 15 is eating
402 29 has taken a fork
402 37 has taken a fork
402 31 is thinking
402 29 has taken a fork
402 29 is eating
402 37 is eating
402 17 is thinking
402 33 has taken a fork
402 20 is sleeping
402 19 has taken a fork
402 23 has taken a fork
402 17 has taken a fork
402 17 has taken a fork
402 17 is eating
402 33 has taken a fork
402 39 is thinking
402 33 is eating
402 35 has taken a fork
402 19 is eating
402 23 has taken a fork
402 35 has taken a fork
402 31 has taken a fork
402 21 has taken a fork
402 35 is eating
402 23 is eating
402 31 has taken a fork
402 21 has taken a fork
402 21 is eating
402 22 is sleeping
402 31 is eating
402 27 is thinking
402 27 has taken a fork
402 27 has taken a fork
402 27 is eating
402 39 has taken a fork
403 53 is thinking
403 57 is thinking
403 49 is thinking
403 59 is thinking
403 47 is thinking
403 56 is sleeping
403 57 has taken a fork
403 52 is sleeping
403 43 is thinking
403 53 has taken a fork
403 41 is thinking
403 58 is sleeping
403 57 has taken a fork
403 57 is eating
403 42 is sleeping
403 50 is sleeping
403 43 has taken a fork
403 59 has taken a fork
403 55 is thinking
403 40 is sleeping
403 45 is thinking
403 39 has taken a fork
403 39 is eating
403 45 has taken a fork
403 47 has taken a fork
403 44 is sleeping
403 45 has taken a fork
403 47 has taken a fork
403 49 has taken a fork
403 47 is eating
403 43 has taken a fork
403 54 is sleeping
403 55 has taken a fork
403 43 is eating
403 45 is eating
403 51 is thinking
403 48 is sleeping
403 53 has taken a fork
403 46 is sleeping
403 53 is eating
403 49 has taken a fork
403 41 has taken a fork
403 49 is eating
403 55 has taken a fork
403 51 has taken a fork
403 51 has taken a fork
403 51 is eating
403 55 is eating
403 41 has taken a fork
403 41 is eating
404 70 is sleeping
404 60 is sleeping
404 79 is thinking
404 64 is sleeping
404 69 is thinking
404 68 is sleeping
404 65 is thinking
404 79 has taken a fork
404 78 is sleeping
404 61 is thinking
404 65 has taken a fork
404 61 has taken a fork
404 69 has taken a fork
404 66 is sleeping
404 77 is thinking
404 69 has taken a fork
404 67 is thinking
404 65 has taken a fork
404 65 is eating
404 69 is eating
404 72 is sleeping
404 74 is sleeping
404 75 is thinking
404 81 is thinking
404 59 has taken a fork
404 67 has taken a fork
404 71 is thinking
404 73 is thinking
404 63 is thinking
404 59 is eating
404 71 has taken a fork
404 67 has taken a fork
404 73 has taken a fork
404 75 has taken a fork
404 67 is eating
404 71 has taken a fork
404 73 has taken a fork
404 71 is eating
404 62 is sleeping
404 73 is eating
404 61 has taken a fork
404 61 is eating
404 63 has taken a fork
404 63 has taken a fork
404 63 is eating
404 76 is sleeping
404 77 has taken a fork
404 80 is sleeping
404 77 has taken a fork
404 81 has taken a fork
404 79 has taken a fork
404 75 has taken a fork
404 77 is eating
404 79 is eating
404 75 is eating
405 84 is sleeping
405 82 is sleeping
405 81 has taken a fork
405 81 is eating
405 86 is sleeping
405 85 is thinking
405 90 is sleeping
405 88 is sleeping
405 93 is thinking
405 85 has taken a fork
405 85 has taken a fork
405 85 is eating
405 87 is thinking
405 87 has taken a fork
405 87 has taken a fork
405 83 is thinking
405 83 has taken a fork
405 83 has taken a fork
405 93 has taken a fork
405 92 is sleeping
405 89 is thinking
405 89 has taken a fork
405 89 has taken a fork
405 83 is eating
405 89 is eating
405 91 is thinking
405 91 has taken a fork
405 87 is eating
405 91 has taken a fork
405 91 is eating
406 102 is sleeping
406 94 is sleeping
406 96 is sleeping
406 101 is thinking
406 100 is sleeping
406 93 has taken a fork
406 95 is thinking
406 93 is eating
406 97 is thinking
406 99 is thinking
406 95 has taken a fork
406 97 has taken a fork
406 101 has taken a fork
406 103 is thinking
406 99 has taken a fork
406 95 has taken a fork
406 95 is eating
406 101 has taken a fork
406 103 has taken a fork
406 99 has taken a fork
406 99 is eating
406 98 is sleeping
406 101 is eating
406 97 has taken a fork
406 97 is eating
407 111 is thinking
407 108 is sleeping
407 116 is sleeping
407 103 has taken a fork
407 104 is sleeping
407 103 is eating
407 121 is thinking
407 117 is thinking
407 110 is sleeping
407 105 is thinking
407 117 has taken a fork
407 118 is sleeping
407 117 has taken a fork
407 117 is eating
407 107 is thinking
407 105 has taken a fork
407 119 is thinking
407 112 is sleeping
407 105 has taken a fork
407 114 is sleeping
407 107 has taken a fork
407 119 has taken a fork
407 106 is sleeping
407 111 has taken a fork
407 111 has taken a fork
407 107 has taken a fork
407 109 is thinking
407 111 is eating
407 105 is eating
407 109 has taken a fork
407 109 has taken a fork
407 109 is eating
407 113 is thinking
407 107 is eating
407 120 is sleeping
407 113 has taken a fork
407 115 is thinking
407 113 has taken a fork
407 121 has taken a fork
407 115 has taken a fork
407 113 is eating
407 115 has taken a fork
407 115 is eating
407 119 has taken a fork
407 119 is eating
408 121 has taken a fork
408 121 is eating
408 122 is sleeping
408 124 is sleeping
408 126 is sleeping
408 127 is thinking
408 131 is thinking
408 127 has taken a fork
408 130 is sleeping
408 123 is thinking
408 131 has taken a fork
408 125 is thinking
408 125 has taken a fork
408 125 has taken a fork
408 125 is eating
408 132 is sleeping
408 133 is thinking
408 131 has taken a fork
408 128 is sleeping
408 133 has taken a fork
408 131 is eating
408 129 is thinking
408 127 has taken a fork
408 123 has taken a fork
408 129 has taken a fork
408 127 is eating
408 129 has taken a fork
408 123 has taken a fork
408 129 is eating
408 123 is eating
409 140 is sleeping
409 149 is thinking
409 149 has taken a fork
409 148 is sleeping
409 134 is sleeping
409 138 is sleeping
409 133 has taken a fork
409 142 is sleeping
409 147 is thinking
409 141 is thinking
409 141 has taken a fork
409 133 is eating
409 139 is thinking
409 139 has taken a fork
409 139 has taken a fork
409 139 is eating
409 143 is thinking
409 141 has taken a fork
409 143 has taken a fork
409 137 is thinking
409 137 has taken a fork
409 144 is sleeping
409 143 has taken a fork
409 143 is eating
409 141 is eating
409 146 is sleeping
409 137 has taken a fork
409 147 has taken a fork
409 137 is eating
409 135 is thinking
409 136 is sleeping
409 147 has taken a fork
409 135 has taken a fork
409 147 is eating
409 135 has taken a fork
409 145 is thinking
409 135 is eating
409 145 has taken a fork
409 145 has taken a fork
409 145 is eating
410 162 is sleeping
410 159 is thinking
410 151 is thinking
410 153 is thinking
410 152 is sleeping
410 153 has taken a fork
410 166 is sleeping
410 164 is sleeping
410 167 is thinking
410 167 has taken a fork
410 155 is thinking
410 160 is sleeping
410 149 has taken a fork
410 150 is sleeping
410 154 is sleeping
410 153 has taken a fork
410 149 is eating
410 156 is sleeping
410 165 is thinking
410 153 is eating
410 155 has taken a fork
410 165 has taken a fork
410 158 is sleeping
410 165 has taken a fork
410 155 has taken a fork
410 155 is eating
410 165 is eating
410 157 is thinking
410 159 has taken a fork
410 157 has taken a fork
410 163 is thinking
410 163 has taken a fork
410 163 has taken a fork
410 163 is eating
410 157 has taken a fork
410 157 is eating
410 161 is thinking
410 151 has taken a fork
410 151 has taken a fork
410 151 is eating
410 159 has taken a fork
410 159 is eating
410 161 has taken a fork
410 161 has taken a fork
410 161 is eating
411 169 is thinking
411 174 is sleeping
411 171 is thinking
411 180 is sleeping
411 177 is thinking
411 178 is sleeping
411 168 is sleeping
411 172 is sleeping
411 170 is sleeping
411 171 has taken a fork
411 171 has taken a fork
411 175 is thinking
411 175 has taken a fork
411 167 has taken a fork
411 167 is eating
411 169 has taken a fork
411 173 is thinking
411 171 is eating
411 176 is sleeping
411 179 is thinking
411 177 has taken a fork
411 179 has taken a fork
411 173 has taken a fork
411 175 has taken a fork
411 179 has taken a fork
411 177 has taken a fork
411 173 has taken a fork
411 173 is eating
411 169 has taken a fork
411 179 is eating
411 177 is eating
411 169 is eating
411 181 is thinking
411 181 has taken a fork
411 175 is eating
412 185 is thinking
412 195 is thinking
412 192 is sleeping
412 184 is sleeping
412 191 is thinking
412 183 has taken a fork
412 183 is eating
412 185 has taken a fork
412 197 is thinking
412 187 is thinking
412 190 is sleeping
412 187 has taken a fork
412 186 is sleeping
412 191 has taken a fork
412 193 is thinking
412 185 has taken a fork
412 189 is thinking
412 191 has taken a fork
412 191 is eating
412 193 has taken a fork
412 188 is sleeping
412 196 is sleeping
412 187 has taken a fork
412 187 is eating
412 185 is eating
412 194 is sleeping
412 193 has taken a fork
412 193 is eating
412 195 has taken a fork
412 195 has taken a fork
412 189 has taken a fork
412 195 is eating
412 189 has taken a fork
412 197 has taken a fork
412 189 is eating
413 197 has taken a fork
413 197 is eating
413 198 is sleeping
413 200 is sleeping
413 1 has taken a fork
413 1 has taken a fork
413 1 is eating
413 199 is thinking
413 199 has taken a fork
413 199 has taken a fork
413 199 is eating
601 8 is thinking
601 6 is thinking
601 2 is thinking
601 3 is sleeping
601 11 is sleeping
601 14 is thinking
601 5 is sleeping
601 12 is thinking
601 14 has taken a fork
601 12 has taken a fork
601 6 has taken a fork
601 12 has taken a fork
601 12 is eating
601 10 is thinking
601 13 is sleeping
601 7 is sleeping
601 9 is sleeping
601 10 has taken a fork
601 8 has taken a fork
601 10 has taken a fork
601 4 is thinking
601 8 has taken a fork
601 8 is eating
601 6 has taken a fork
601 4 has taken a fork
601 4 has taken a fork
601 10 is eating
601 6 is eating
601 4 is eating
602 36 is thinking
602 17 is sleeping
602 32 is thinking
602 33 is sleeping
602 25 is sleeping
602 21 is sleeping
602 19 is sleeping
602 35 is sleeping
602 23 is sleeping
602 31 is sleeping
602 15 is sleeping
602 32 has taken a fork
602 14 has taken a fork
602 36 has taken a fork
602 26 is thinking
602 26 has taken a fork
602 16 is thinking
602 20 is thinking
602 34 is thinking
602 27 is sleeping
602 37 is sleeping
602 26 has taken a fork
602 26 is eating
602 34 has taken a fork
602 14 is eating
602 36 has taken a fork
602 36 is eating
602 18 is thinking
602 20 has taken a fork
602 38 is thinking
602 34 has taken a fork
602 16 has taken a fork
602 29 is sleeping
602 22 is thinking
602 20 has taken a fork
602 20 is eating
602 30 is thinking
602 24 is thinking
602 16 has taken a fork
602 16 is eating
602 18 has taken a fork
602 28 is thinking
602 28 has taken a fork
602 30 has taken a fork
602 24 has taken a fork
602 18 has taken a fork
602 34 is eating
602 22 has taken a fork
602 32 has taken a fork
602 24 has taken a fork
602 22 has taken a fork
602 22 is eating
602 28 has taken a fork
602 30 has taken a fork
602 24 is eating
602 18 is eating
602 30 is eating
602 28 is eating
602 38 has taken a fork
602 32 is eating
603 56 is thinking
603 54 is thinking
603 49 is sleeping
603 55 is sleeping
603 41 is sleeping
603 44 is thinking
603 45 is sleeping
603 48 is thinking
603 58 is thinking
603 46 is thinking
603 52 is thinking
603 51 is sleeping
603 57 is sleeping
603 46 has taken a fork
603 52 has taken a fork
603 43 is sleeping
603 44 has taken a fork
603 44 has taken a fork
603 44 is eating
603 58 has taken a fork
603 40 is thinking
603 39 is sleeping
603 38 has taken a fork
603 47 is sleeping
603 53 is sleeping
603 54 has taken a fork
603 38 is eating
603 50 is thinking
603 46 has taken a fork
603 40 has taken a fork
603 50 has taken a fork
603 46 is eating
603 48 has taken a fork
603 48 has taken a fork
603 50 has taken a fork
603 56 has taken a fork
603 54 has taken a fork
603 48 is eating
603 50 is eating
603 56 has taken a fork
603 52 has taken a fork
603 54 is eating
603 40 has taken a fork
603 52 is eating
603 56 is eating
603 40 is eating
603 42 is thinking
603 42 has taken a fork
603 42 has taken a fork
603 42 is eating
604 60 is thinking
604 75 is sleeping
604 66 is thinking
604 78 is thinking
604 79 is sleeping
604 74 is thinking
604 67 is sleeping
604 72 is thinking
604 63 is sleeping
604 72 has taken a fork
604 77 is sleeping
604 78 has taken a fork
604 71 is sleeping
604 58 has taken a fork
604 59 is sleeping
604 61 is sleeping
604 60 has taken a fork
604 60 has taken a fork
604 60 is eating
604 58 is eating
604 80 is thinking
604 80 has taken a fork
604 73 is sleeping
604 78 has taken a fork
604 74 has taken a fork
604 62 is thinking
604 74 has taken a fork
604 62 has taken a fork
604 64 is thinking
604 66 has taken a fork
604 70 is thinking
604 74 is eating
604 64 has taken a fork
604 78 is eating
604 62 has taken a fork
604 66 has taken a fork
604 66 is eating
604 69 is sleeping
604 76 is thinking
604 64 has taken a fork
604 62 is eating
604 65 is sleeping
604 72 has taken a fork
604 72 is eating
604 76 has taken a fork
604 70 has taken a fork
604 76 has taken a fork
604 76 is eating
604 70 has taken a fork
604 70 is eating
604 64 is eating
604 68 is thinking
604 68 has taken a fork
604 68 has taken a fork
604 68 is eating
605 91 is sleeping
605 92 is thinking
605 81 is sleeping
605 80 has taken a fork
605 80 is eating
605 92 has taken a fork
605 83 is sleeping
605 87 is sleeping
605 89 is sleeping
605 90 is thinking
605 90 has taken a fork
605 90 has taken a fork
605 86 is thinking
605 90 is eating
605 84 is thinking
605 86 has taken a fork
605 84 has taken a fork
605 88 is thinking
605 84 has taken a fork
605 88 has taken a fork
605 88 has taken a fork
605 84 is eating
605 86 has taken a fork
605 88 is eating
605 86 is eating
605 82 is thinking
605 82 has taken a fork
605 85 is sleeping
605 82 has taken a fork
605 82 is eating
606 95 is sleeping
606 93 is sleeping
606 92 has taken a fork
606 92 is eating
606 102 is thinking
606 98 is thinking
606 99 is sleeping
606 101 is sleeping
606 102 has taken a fork
606 96 is thinking
606 96 has taken a fork
606 97 is sleeping
606 100 is thinking
606 94 is thinking
606 98 has taken a fork
606 96 has taken a fork
606 96 is eating
606 98 has taken a fork
606 100 has taken a fork
606 94 has taken a fork
606 94 has taken a fork
606 98 is eating
606 100 has taken a fork
606 94 is eating
606 100 is eating
607 120 is thinking
607 116 is thinking
607 105 is sleeping
607 113 is sleeping
607 107 is sleeping
607 104 is thinking
607 106 is thinking
607 115 is sleeping
607 116 has taken a fork
607 114 is thinking
607 118 is thinking
607 111 is sleeping
607 106 has taken a fork
607 114 has taken a fork
607 110 is thinking
607 106 has taken a fork
607 106 is eating
607 114 has taken a fork
607 114 is eating
607 119 is sleeping
607 120 has taken a fork
607 109 is sleeping
607 110 has taken a fork
607 110 has taken a fork
607 110 is eating
607 112 is thinking
607 112 has taken a fork
607 112 has taken a fork
607 112 is eating
607 104 has taken a fork
607 103 is sleeping
607 108 is thinking
607 104 has taken a fork
607 117 is sleeping
607 108 has taken a fork
607 116 has taken a fork
607 104 is eating
607 108 has taken a fork
607 116 is eating
607 108 is eating
607 102 has taken a fork
607 102 is eating
607 118 has taken a fork
607 118 has taken a fork
607 118 is eating
608 131 is sleeping
608 122 is thinking
608 125 is sleeping
608 132 is thinking
608 132 has taken a fork
608 126 is thinking
608 126 has taken a fork
608 124 is thinking
608 128 is thinking
608 130 is thinking
608 123 is sleeping
608 124 has taken a fork
608 124 has taken a fork
608 124 is eating
608 121 is sleeping
608 120 has taken a fork
608 122 has taken a fork
608 120 is eating
608 122 has taken a fork
608 122 is eating
608 127 is sleeping
608 128 has taken a fork
608 126 has taken a fork
608 129 is sleeping
608 128 has taken a fork
608 126 is eating
608 128 is eating
608 130 has taken a fork
608 130 has taken a fork
608 130 is eating
609 148 is thinking
609 141 is sleeping
609 146 is thinking
609 135 is sleeping
609 144 is thinking
609 145 is sleeping
609 142 is thinking
609 137 is sleeping
609 146 has taken a fork
609 139 is sleeping
609 143 is sleeping
609 142 has taken a fork
609 147 is sleeping
609 142 has taken a fork
609 146 has taken a fork
609 133 is sleeping
609 142 is eating
609 148 has taken a fork
609 132 has taken a fork
609 138 is thinking
609 132 is eating
609 138 has taken a fork
609 146 is eating
609 144 has taken a fork
609 144 has taken a fork
609 144 is eating
609 138 has taken a fork
609 138 is eating
609 140 is thinking
609 140 has taken a fork
609 140 has taken a fork
609 140 is eating
609 134 is thinking
609 136 is thinking
609 134 has taken a fork
609 136 has taken a fork
609 134 has taken a fork
609 134 is eating
609 136 has taken a fork
609 136 is eating
610 155 is sleeping
610 161 is sleeping
610 157 is sleeping
610 166 is thinking
610 158 is thinking
610 150 is thinking
610 154 is thinking
610 156 is thinking
610 158 has taken a fork
610 156 has taken a fork
610 153 is sleeping
610 165 is sleeping
610 156 has taken a fork
610 159 is sleeping
610 156 is eating
610 158 has taken a fork
610 162 is thinking
610 152 is thinking
610 154 has taken a fork
610 166 has taken a fork
610 158 is eating
610 163 is sleeping
610 151 is sleeping
610 162 has taken a fork
610 152 has taken a fork
610 164 is thinking
610 162 has taken a fork
610 154 has taken a fork
610 164 has taken a fork
610 152 has taken a fork
610 162 is eating
610 154 is eating
610 164 has taken a fork
610 149 is sleeping
610 148 has taken a fork
610 152 is eating
610 160 is thinking
610 148 is eating
610 150 has taken a fork
610 150 has taken a fork
610 160 has taken a fork
610 150 is eating
610 160 has taken a fork
610 164 is eating
610 160 is eating
611 172 is thinking
611 174 is thinking
611 178 is thinking
611 177 is sleeping
611 168 is thinking
611 178 has taken a fork
611 179 is sleeping
611 170 is thinking
611 178 has taken a fork
611 178 is eating
611 176 is thinking
611 169 is sleeping
611 170 has taken a fork
611 173 is sleeping
611 174 has taken a fork
611 171 is sleeping
611 175 is sleeping
611 172 has taken a fork
611 166 has taken a fork
611 172 has taken a fork
611 176 has taken a fork
611 172 is eating
611 170 has taken a fork
611 176 has taken a fork
611 167 is sleeping
611 176 is eating
611 170 is eating
611 180 is thinking
611 166 is eating
611 180 has taken a fork
611 168 has taken a fork
611 168 has taken a fork
611 168 is eating
611 174 has taken a fork
611 174 is eating
612 184 is thinking
612 183 is sleeping
612 184 has taken a fork
612 186 is thinking
612 195 is sleeping
612 185 is sleeping
612 184 has taken a fork
612 184 is eating
612 182 has taken a fork
612 186 has taken a fork
612 182 is eating
612 194 is thinking
612 190 is thinking
612 192 is thinking
612 193 is sleeping
612 194 has taken a fork
612 188 is thinking
612 194 has taken a fork
612 194 is eating
612 196 is thinking
612 196 has taken a fork
612 191 is sleeping
612 192 has taken a fork
612 192 has taken a fork
612 192 is eating
612 187 is sleeping
612 186 has taken a fork
612 186 is eating
612 188 has taken a fork
612 189 is sleeping
612 190 has taken a fork
612 190 has taken a fork
612 190 is eating
612 188 has taken a fork
612 188 is eating
613 200 is thinking
613 198 is thinking
613 199 is sleeping
613 197 is sleeping
613 198 has taken a fork
613 196 has taken a fork
613 198 has taken a fork
613 198 is eating
613 196 is eating
613 1 is sleeping
613 200 has taken a fork
613 200 has taken a fork
613 200 is eating
613 2 has taken a fork
613 2 has taken a fork
613 2 is eating
801 7 is thinking
801 5 is thinking
801 13 is thinking
801 9 is thinking
801 5 has taken a fork
801 6 is sleeping
801 5 has taken a fork
801 12 is sleeping
801 11 is thinking
801 10 is sleeping
801 3 is thinking
801 8 is sleeping
801 5 is eating
801 11 has taken a fork
801 11 has taken a fork
801 11 is eating
801 9 has taken a fork
801 9 has taken a fork
801 9 is eating
801 7 has taken a fork
801 13 has taken a fork
801 7 has taken a fork
801 7 is eating
801 4 is sleeping
802 33 is thinking
802 20 is sleeping
802 34 is sleeping
802 23 is thinking
802 32 is sleeping
802 33 has taken a fork
802 33 has taken a fork
802 33 is eating
802 37 is thinking
802 36 is sleeping
802 37 has taken a fork
802 14 is sleeping
802 35 is thinking
802 35 has taken a fork
802 13 has taken a fork
802 24 is sleeping
802 28 is sleeping
802 19 is thinking
802 29 is thinking
802 35 has taken a fork
802 26 is sleeping
802 31 is thinking
802 22 is sleeping
802 29 has taken a fork
802 23 has taken a fork
802 35 is eating
802 16 is sleeping
802 21 is thinking
802 21 has taken a fork
802 23 has taken a fork
802 21 has taken a fork
802 23 is eating
802 25 is thinking
802 27 is thinking
802 25 has taken a fork
802 21 is eating
802 17 is thinking
802 27 has taken a fork
802 30 is sleeping
802 13 is eating
802 25 has taken a fork
802 29 has taken a fork
802 27 has taken a fork
802 27 is eating
802 25 is eating
802 19 has taken a fork
802 29 is eating
802 31 has taken a fork
802 18 is sleeping
802 19 has taken a fork
802 19 is eating
802 31 has taken a fork
802 15 is thinking
802 17 has taken a fork
802 15 has taken a fork
802 31 is eating
802 17 has taken a fork
802 15 has taken a fork
802 17 is eating
802 15 is eating
803 52 is sleeping
803 43 is thinking
803 40 is sleeping
803 46 is sleeping
803 56 is sleeping
803 54 is sleeping
803 38 is sleeping
803 44 is sleeping
803 48 is sleeping
803 50 is sleeping
803 42 is sleeping
803 55 is thinking
803 43 has taken a fork
803 55 has taken a fork
803 55 has taken a fork
803 55 is eating
803 45 is thinking
803 45 has taken a fork
803 37 has taken a fork
803 51 is thinking
803 43 has taken a fork
803 45 has taken a fork
803 49 is thinking
803 39 is thinking
803 39 has taken a fork
803 39 has taken a fork
803 39 is eating
803 53 is thinking
803 49 has taken a fork
803 47 is thinking
803 53 has taken a fork
803 49 has taken a fork
803 47 has taken a fork
803 49 is eating
803 47 has taken a fork
803 47 is eating
803 37 is eating
803 51 has taken a fork
803 57 is thinking
803 43 is eating
803 57 has taken a fork
803 45 is eating
803 53 has taken a fork
803 51 has taken a fork
803 53 is eating
803 41 is thinking
803 51 is eating
803 41 has taken a fork
803 41 has taken a fork
803 41 is eating
804 62 is sleeping
804 70 is sleeping
804 59 is thinking
804 79 is thinking
804 60 is sleeping
804 75 is thinking
804 77 is thinking
804 67 is thinking
804 73 is thinking
804 76 is sleeping
804 68 is sleeping
804 61 is thinking
804 77 has taken a fork
804 61 has taken a fork
804 77 has taken a fork
804 78 is sleeping
804 77 is eating
804 61 has taken a fork
804 61 is eating
804 72 is sleeping
804 64 is sleeping
804 73 has taken a fork
804 63 is thinking
804 71 is thinking
804 71 has taken a fork
804 71 has taken a fork
804 79 has taken a fork
804 66 is sleeping
804 71 is eating
804 69 is thinking
804 67 has taken a fork
804 69 has taken a fork
804 58 is sleeping
804 67 has taken a fork
804 69 has taken a fork
804 65 is thinking
804 67 is eating
804 57 has taken a fork
804 59 has taken a fork
804 73 has taken a fork
804 69 is eating
804 75 has taken a fork
804 57 is eating
804 65 has taken a fork
804 75 has taken a fork
804 63 has taken a fork
804 73 is eating
804 75 is eating
804 65 has taken a fork
804 65 is eating
804 59 has taken a fork
804 63 has taken a fork
804 63 is eating
804 74 is sleeping
804 59 is eating
805 89 is thinking
805 84 is sleeping
805 83 is thinking
805 85 is thinking
805 85 has taken a fork
805 89 has taken a fork
805 91 is thinking
805 82 is sleeping
805 87 is thinking
805 79 has taken a fork
805 81 is thinking
805 81 has taken a fork
805 79 is eating
805 90 is sleeping
805 91 has taken a fork
805 80 is sleeping
805 81 has taken a fork
805 81 is eating
805 86 is sleeping
805 87 has taken a fork
805 83 has taken a fork
805 87 has taken a fork
805 88 is sleeping
805 83 has taken a fork
805 89 has taken a fork
805 83 is eating
805 87 is eating
805 89 is eating
805 85 has taken a fork
805 85 is eating
806 99 is thinking
806 92 is sleeping
806 91 has taken a fork
806 91 is eating
806 94 is sleeping
806 96 is sleeping
806 99 has taken a fork
806 98 is sleeping
806 97 is thinking
806 97 has taken a fork
806 95 is thinking
806 95 has taken a fork
806 101 is thinking
806 97 has taken a fork
806 100 is sleeping
806 95 has taken a fork
806 97 is eating
806 99 has taken a fork
806 101 has taken a fork
806 95 is eating
806 93 is thinking
806 93 has taken a fork
806 93 has taken a fork
806 93 is eating
806 99 is eating
807 106 is sleeping
807 109 is thinking
807 110 is sleeping
807 103 is thinking
807 119 is thinking
807 118 is sleeping
807 119 has taken a fork
807 112 is sleeping
807 107 is thinking
807 107 has taken a fork
807 115 is thinking
807 113 is thinking
807 102 is sleeping
807 113 has taken a fork
807 103 has taken a fork
807 101 has taken a fork
807 101 is eating
807 105 is thinking
807 116 is sleeping
807 104 is sleeping
807 114 is sleeping
807 117 is thinking
807 113 has taken a fork
807 115 has taken a fork
807 115 has taken a fork
807 117 has taken a fork
807 113 is eating
807 103 has taken a fork
807 103 is eating
807 115 is eating
807 117 has taken a fork
807 117 is eating
807 111 is thinking
807 105 has taken a fork
807 111 has taken a fork
807 107 has taken a fork
807 105 has taken a fork
807 107 is eating
807 105 is eating
807 111 has taken a fork
807 111 is eating
807 108 is sleeping
807 109 has taken a fork
807 109 has taken a fork
807 109 is eating
808 121 is thinking
808 128 is sleeping
808 127 is thinking
808 124 is sleeping
808 122 is sleeping
808 126 is sleeping
808 125 is thinking
808 119 has taken a fork
808 120 is sleeping
808 131 is thinking
808 121 has taken a fork
808 121 has taken a fork
808 121 is eating
808 123 is thinking
808 125 has taken a fork
808 131 has taken a fork
808 119 is eating
808 123 has taken a fork
808 125 has taken a fork
808 125 is eating
808 129 is thinking
808 123 has taken a fork
808 129 has taken a fork
808 123 is eating
808 129 has taken a fork
808 129 is eating
808 130 is sleeping
808 127 has taken a fork
808 127 has taken a fork
808 127 is eating
809 144 is sleeping
809 146 is sleeping
809 133 is thinking
809 143 is thinking
809 134 is sleeping
809 138 is sleeping
809 141 is thinking
809 135 is thinking
809 135 has taken a fork
809 136 is sleeping
809 135 has taken a fork
809 135 is eating
809 139 is thinking
809 139 has taken a fork
809 139 has taken a fork
809 139 is eating
809 137 is thinking
809 142 is sleeping
809 143 has taken a fork
809 137 has taken a fork
809 147 is thinking
809 133 has taken a fork
809 147 has taken a fork
809 143 has taken a fork
809 141 has taken a fork
809 137 has taken a fork
809 145 is thinking
809 143 is eating
809 141 has taken a fork
809 133 has taken a fork
809 131 has taken a fork
809 140 is sleeping
809 133 is eating
809 145 has taken a fork
809 137 is eating
809 131 is eating
809 141 is eating
809 145 has taken a fork
809 132 is sleeping
809 145 is eating
810 153 is thinking
810 163 is thinking
810 154 is sleeping
810 148 is sleeping
810 147 has taken a fork
810 147 is eating
810 152 is sleeping
810 153 has taken a fork
810 153 has taken a fork
810 153 is eating
810 160 is sleeping
810 155 is thinking
810 155 has taken a fork
810 151 is thinking
810 149 is thinking
810 149 has taken a fork
810 161 is thinking
810 161 has taken a fork
810 157 is thinking
810 164 is sleeping
810 158 is sleeping
810 155 has taken a fork
810 155 is eating
810 149 has taken a fork
810 157 has taken a fork
810 165 is thinking
810 157 has taken a fork
810 157 is eating
810 149 is eating
810 150 is sleeping
810 159 is thinking
810 151 has taken a fork
810 161 has taken a fork
810 159 has taken a fork
810 159 has taken a fork
810 159 is eating
810 165 has taken a fork
810 162 is sleeping
810 151 has taken a fork
810 163 has taken a fork
810 163 has taken a fork
810 161 is eating
810 151 is eating
810 163 is eating
810 156 is sleeping
811 173 is thinking
811 168 is sleeping
811 176 is sleeping
811 179 is thinking
811 169 is thinking
811 177 is thinking
811 169 has taken a fork
811 167 is thinking
811 177 has taken a fork
811 171 is thinking
811 170 is sleeping
811 171 has taken a fork
811 169 has taken a fork
811 179 has taken a fork
811 166 is sleeping
811 169 is eating
811 167 has taken a fork
811 175 is thinking
811 177 has taken a fork
811 172 is sleeping
811 167 has taken a fork
811 174 is sleeping
811 175 has taken a fork
811 175 has taken a fork
811 175 is eating
811 177 is eating
811 178 is sleeping
811 173 has taken a fork
811 167 is eating
811 171 has taken a fork
811 173 has taken a fork
811 165 has taken a fork
811 173 is eating
811 165 is eating
811 171 is eating
812 194 is sleeping
812 192 is sleeping
812 186 is sleeping
812 182 is sleeping
812 193 is thinking
812 181 has taken a fork
812 189 is thinking
812 184 is sleeping
812 181 is eating
812 191 is thinking
812 191 has taken a fork
812 193 has taken a fork
812 183 is thinking
812 190 is sleeping
812 187 is thinking
812 191 has taken a fork
812 193 has taken a fork
812 193 is eating
812 187 has taken a fork
812 191 is eating
812 183 has taken a fork
812 188 is sleeping
812 187 has taken a fork
812 187 is eating
812 183 has taken a fork
812 185 is thinking
812 189 has taken a fork
812 185 has taken a fork
812 183 is eating
812 185 has taken a fork
812 195 is thinking
812 185 is eating
812 189 has taken a fork
812 195 has taken a fork
812 189 is eating
813 196 is sleeping
813 200 is sleeping
813 198 is sleeping
813 195 has taken a fork
813 197 is thinking
813 197 has taken a fork
813 195 is eating
813 197 has taken a fork
813 197 is eating
813 199 is thinking
813 199 has taken a fork
813 199 has taken a fork
813 199 is eating
813 2 is sleeping
813 3 has taken a fork
813 3 has taken a fork
813 1 is thinking
813 1 has taken a fork
813 3 is eating
813 1 has taken a fork
813 1 is eating
1001 5 is sleeping
1001 4 is thinking
1001 12 is thinking
1001 10 is thinking
1001 8 is thinking
1001 9 is sleeping
1001 10 has taken a fork
1001 7 is sleeping
1001 8 has taken a fork
1001 8 has taken a fork
1001 8 is eating
1001 11 is sleeping
1001 12 has taken a fork
1001 10 has taken a fork
1001 10 is eating
1001 6 is thinking
1001 6 has taken a fork
1001 6 has taken a fork
1001 6 is eating
1002 18 is thinking
1002 19 is sleeping
1002 32 is thinking
1002 13 is sleeping
1002 12 has taken a fork
1002 12 is eating
1002 20 is thinking
1002 14 is thinking
1002 17 is sleeping
1002 24 is thinking
1002 24 has taken a fork
1002 24 has taken a fork
1002 24 is eating
1002 22 is thinking
1002 21 is sleeping
1002 35 is sleeping
1002 20 has taken a fork
1002 14 has taken a fork
1002 22 has taken a fork
1002 18 has taken a fork
1002 29 is sleeping
1002 31 is sleeping
1002 18 has taken a fork
1002 22 has taken a fork
1002 36 is thinking
1002 16 is thinking
1002 18 is eating
1002 27 is sleeping
1002 22 is eating
1002 23 is sleeping
1002 25 is sleeping
1002 26 is thinking
1002 30 is thinking
1002 26 has taken a fork
1002 32 has taken a fork
1002 32 has taken a fork
1002 15 is sleeping
1002 26 has taken a fork
1002 26 is eating
1002 14 has taken a fork
1002 30 has taken a fork
1002 34 is thinking
1002 30 has taken a fork
1002 30 is eating
1002 34 has taken a fork
1002 28 is thinking
1002 32 is eating
1002 16 has taken a fork
1002 16 has taken a fork
1002 16 is eating
1002 36 has taken a fork
1002 28 has taken a fork
1002 28 has taken a fork
1002 28 is eating
1002 34 has taken a fork
1002 34 is eating
1002 14 is eating
1002 33 is sleeping
1002 20 has taken a fork
1002 20 is eating
1003 39 is sleeping
1003 49 is sleeping
1003 38 is thinking
1003 45 is sleeping
1003 53 is sleeping
1003 50 is thinking
1003 50 has taken a fork
1003 40 is thinking
1003 40 has taken a fork
1003 36 has taken a fork
1003 40 has taken a fork
1003 37 is sleeping
1003 36 is eating
1003 40 is eating
1003 42 is thinking
1003 44 is thinking
1003 46 is thinking
1003 47 is sleeping
1003 48 is thinking
1003 42 has taken a fork
1003 48 has taken a fork
1003 41 is sleeping
1003 43 is sleeping
1003 44 has taken a fork
1003 44 has taken a fork
1003 44 is eating
1003 48 has taken a fork
1003 48 is eating
1003 46 has taken a fork
1003 51 is sleeping
1003 38 has taken a fork
1003 55 is sleeping
1003 52 is thinking
1003 46 has taken a fork
1003 38 has taken a fork
1003 54 is thinking
1003 50 has taken a fork
1003 42 has taken a fork
1003 38 is eating
1003 54 has taken a fork
1003 52 has taken a fork
1003 46 is eating
1003 56 is thinking
1003 50 is eating
1003 42 is eating
1003 52 has taken a fork
1003 52 is eating
1003 54 has taken a fork
1003 56 has taken a fork
1003 54 is eating
1004 75 is sleeping
1004 74 is thinking
1004 77 is sleeping
1004 59 is sleeping
1004 74 has taken a fork
1004 74 has taken a fork
1004 74 is eating
1004 73 is sleeping
1004 63 is sleeping
1004 60 is thinking
1004 60 has taken a fork
1004 68 is thinking
1004 67 is sleeping
1004 68 has taken a fork
1004 65 is sleeping
1004 78 is thinking
1004 64 is thinking
1004 71 is sleeping
1004 78 has taken a fork
1004 64 has taken a fork
1004 60 has taken a fork
1004 60 is eating
1004 64 has taken a fork
1004 70 is thinking
1004 69 is sleeping
1004 62 is thinking
1004 70 has taken a fork
1004 66 is thinking
1004 66 has taken a fork
1004 62 has taken a fork
1004 62 has taken a fork
1004 62 is eating
1004 76 is thinking
1004 72 is thinking
1004 64 is eating
1004 61 is sleeping
1004 76 has taken a fork
1004 76 has taken a fork
1004 72 has taken a fork
1004 76 is eating
1004 72 has taken a fork
1004 68 has taken a fork
1004 72 is eating
1004 66 has taken a fork
1004 56 has taken a fork
1004 68 is eating
1004 58 is thinking
1004 70 has taken a fork
1004 58 has taken a fork
1004 70 is eating
1004 58 has taken a fork
1004 66 is eating
1004 58 is eating
1004 57 is sleeping
1004 56 is eating
1005 79 is sleeping
1005 78 has taken a fork
1005 90 is thinking
1005 78 is eating
1005 83 is sleeping
1005 87 is sleeping
1005 81 is sleeping
1005 80 is thinking
1005 80 has taken a fork
1005 80 has taken a fork
1005 80 is eating
1005 85 is sleeping
1005 86 is thinking
1005 89 is sleeping
1005 86 has taken a fork
1005 90 has taken a fork
1005 82 is thinking
1005 84 is thinking
1005 86 has taken a fork
1005 82 has taken a fork
1005 84 has taken a fork
1005 88 is thinking
1005 86 is eating
1005 84 has taken a fork
1005 88 has taken a fork
1005 88 has taken a fork
1005 84 is eating
1005 88 is eating
1005 82 has taken a fork
1005 82 is eating
1006 97 is sleeping
1006 95 is sleeping
1006 99 is sleeping
1006 96 is thinking
1006 96 has taken a fork
1006 96 has taken a fork
1006 96 is eating
1006 100 is thinking
1006 100 has taken a fork
1006 98 is thinking
1006 93 is sleeping
1006 98 has taken a fork
1006 94 is thinking
1006 94 has taken a fork
1006 94 has taken a fork
1006 94 is eating
1006 98 has taken a fork
1006 98 is eating
1006 92 is thinking
1006 91 is sleeping
1006 90 has taken a fork
1006 90 is eating
1006 92 has taken a fork
1006 92 has taken a fork
1006 92 is eating
1007 111 is sleeping
1007 114 is thinking
1007 117 is sleeping
1007 101 is sleeping
1007 100 has taken a fork
1007 100 is eating
1007 118 is thinking
1007 104 is thinking
1007 118 has taken a fork
1007 110 is thinking
1007 106 is thinking
1007 103 is sleeping
1007 102 is thinking
1007 116 is thinking
1007 107 is sleeping
1007 109 is sleeping
1007 112 is thinking
1007 115 is sleeping
1007 110 has taken a fork
1007 116 has taken a fork
1007 113 is sleeping
1007 112 has taken a fork
1007 110 has taken a fork
1007 116 has taken a fork
1007 102 has taken a fork
1007 105 is sleeping
1007 112 has taken a fork
1007 110 is eating
1007 116 is eating
1007 102 has taken a fork
1007 112 is eating
1007 102 is eating
1007 114 has taken a fork
1007 114 has taken a fork
1007 114 is eating
1007 104 has taken a fork
1007 104 has taken a fork
1007 104 is eating
1007 106 has taken a fork
1007 106 has taken a fork
1007 106 is eating
1007 108 is thinking
1007 108 has taken a fork
1007 108 has taken a fork
1007 108 is eating
1008 121 is sleeping
1008 126 is thinking
1008 129 is sleeping
1008 130 is thinking
1008 130 has taken a fork
1008 127 is sleeping
1008 120 is thinking
1008 128 is thinking
1008 122 is thinking
1008 128 has taken a fork
1008 126 has taken a fork
1008 124 is thinking
1008 124 has taken a fork
1008 124 has taken a fork
1008 125 is sleeping
1008 128 has taken a fork
1008 122 has taken a fork
1008 123 is sleeping
1008 119 is sleeping
1008 128 is eating
1008 118 has taken a fork
1008 122 has taken a fork
1008 120 has taken a fork
1008 126 has taken a fork
1008 118 is eating
1008 122 is eating
1008 120 has taken a fork
1008 120 is eating
1008 126 is eating
1008 124 is eating
1009 137 is sleeping
1009 135 is sleeping
1009 142 is thinking
1009 136 is thinking
1009 144 is thinking
1009 138 is thinking
1009 136 has taken a fork
1009 146 is thinking
1009 144 has taken a fork
1009 138 has taken a fork
1009 143 is sleeping
1009 136 has taken a fork
1009 136 is eating
1009 140 is thinking
1009 132 is thinking
1009 141 is sleeping
1009 134 is thinking
1009 133 is sleeping
1009 142 has taken a fork
1009 142 has taken a fork
1009 142 is eating
1009 131 is sleeping
1009 138 has taken a fork
1009 130 has taken a fork
1009 144 has taken a fork
1009 138 is eating
1009 146 has taken a fork
1009 144 is eating
1009 140 has taken a fork
1009 145 is sleeping
1009 134 has taken a fork
1009 134 has taken a fork
1009 134 is eating
1009 130 is eating
1009 132 has taken a fork
1009 139 is sleeping
1009 140 has taken a fork
1009 132 has taken a fork
1009 140 is eating
1009 132 is eating
1010 155 is sleeping
1010 153 is sleeping
1010 152 is thinking
1010 150 is thinking
1010 156 is thinking
1010 154 is thinking
1010 156 has taken a fork
1010 159 is sleeping
1010 160 is thinking
1010 163 is sleeping
1010 158 is thinking
1010 150 has taken a fork
1010 160 has taken a fork
1010 160 has taken a fork
1010 158 has taken a fork
1010 164 is thinking
1010 160 is eating
1010 164 has taken a fork
1010 157 is sleeping
1010 156 has taken a fork
1010 154 has taken a fork
1010 158 has taken a fork
1010 162 is thinking
1010 156 is eating
1010 149 is sleeping
1010 147 is sleeping
1010 152 has taken a fork
1010 162 has taken a fork
1010 162 has taken a fork
1010 158 is eating
1010 154 has taken a fork
1010 148 is thinking
1010 154 is eating
1010 150 has taken a fork
1010 151 is sleeping
1010 162 is eating
1010 148 has taken a fork
1010 152 has taken a fork
1010 150 is eating
1010 161 is sleeping
1010 152 is eating
1010 148 has taken a fork
1010 148 is eating
1010 146 has taken a fork
1010 146 is eating
1011 176 is thinking
1011 174 is thinking
1011 174 has taken a fork
1011 169 is sleeping
1011 173 is sleeping
1011 171 is sleeping
1011 178 is thinking
1011 172 is thinking
1011 172 has taken a fork
1011 172 has taken a fork
1011 172 is eating
1011 165 is sleeping
1011 176 has taken a fork
1011 175 is sleeping
1011 164 has taken a fork
1011 164 is eating
1011 177 is sleeping
1011 170 is thinking
1011 170 has taken a fork
1011 178 has taken a fork
1011 170 has taken a fork
1011 168 is thinking
1011 174 has taken a fork
1011 170 is eating
1011 174 is eating
1011 167 is sleeping
1011 166 is thinking
1011 176 has taken a fork
1011 166 has taken a fork
1011 176 is eating
1011 166 has taken a fork
1011 168 has taken a fork
1011 166 is eating
1011 168 has taken a fork
1011 168 is eating
1012 190 is thinking
1012 189 is sleeping
1012 193 is sleeping
1012 184 is thinking
1012 185 is sleeping
1012 182 is thinking
1012 187 is sleeping
1012 190 has taken a fork
1012 194 is thinking
1012 194 has taken a fork
1012 186 is thinking
1012 186 has taken a fork
1012 186 has taken a fork
1012 186 is eating
1012 192 is thinking
philo : 180
last eat : 801
1012 180 is dead
